<?xml version="1.0" encoding="utf-8"?><testsuites name="pytest tests"><testsuite name="pytest" errors="0" failures="0" skipped="0" tests="19" time="3.188" timestamp="2026-03-28T18:54:31.316302+00:00" hostname="agent-env-bd76d280-46eb-467c-a8a1-e20e6d57cb03"><testcase classname="tests.test_api.TestHealthCheck" name="test_api_root" time="0.236" /><testcase classname="tests.test_api.TestLogs" name="test_get_log_empty" time="0.154" /><testcase classname="tests.test_api.TestLogs" name="test_save_log_and_verify" time="0.167" /><testcase classname="tests.test_api.TestLogs" name="test_update_existing_log" time="0.197" /><testcase classname="tests.test_api.TestCustomActivities" name="test_get_custom_activities" time="0.155" /><testcase classname="tests.test_api.TestCustomActivities" name="test_create_custom_activity_and_verify" time="0.214" /><testcase classname="tests.test_api.TestCustomActivities" name="test_delete_custom_activity" time="0.216" /><testcase classname="tests.test_api.TestCustomActivities" name="test_delete_nonexistent_activity" time="0.155" /><testcase classname="tests.test_api.TestHistory" name="test_get_history" time="0.203" /><testcase classname="tests.test_api.TestHistory" name="test_get_history_detail" time="0.143" /><testcase classname="tests.test_api.TestStats" name="test_get_weekly_stats_default" time="0.166" /><testcase classname="tests.test_api.TestStats" name="test_get_weekly_stats_with_date" time="0.103" /><testcase classname="tests.test_api.TestLibrary" name="test_get_library_all" time="0.115" /><testcase classname="tests.test_api.TestLibrary" name="test_get_library_filtered" time="0.276" /><testcase classname="tests.test_api.TestReviews" name="test_get_review_empty" time="0.099" /><testcase classname="tests.test_api.TestReviews" name="test_generate_review_no_log_data" time="0.114" /><testcase classname="tests.test_api.TestReviews" name="test_get_all_reviews" time="0.100" /><testcase classname="tests.test_api.TestSettings" name="test_get_setting_nonexistent" time="0.108" /><testcase classname="tests.test_api.TestSettings" name="test_update_setting_and_verify" time="0.165" /></testsuite></testsuites>